<?xml version="1.0" encoding="UTF-8"?>
<!DOCTYPE coverage SYSTEM "http://cobertura.sourceforge.net/xml/coverage-04.dtd">
<coverage line-rate="0.84684684684685" branch-rate="0" lines-covered="188" lines-valid="222" branches-covered="0" branches-valid="0" complexity="78" version="0.4" timestamp="1718635442">
  <sources>
    <source>/data/live/protected</source>
  </sources>
  <packages>
    <package name="components/helpers/AuthHelper.php" line-rate="0.96296296296296" branch-rate="0" complexity="22">
      <classes>
        <class name="AuthHelper" filename="components/helpers/AuthHelper.php" line-rate="0.96296296296296" branch-rate="0" complexity="22">
          <methods>
            <method name="jwtHelper" signature="" line-rate="1" branch-rate="0" complexity="5">
              <lines>
                <line number="10" hits="3"/>
                <line number="11" hits="3"/>
                <line number="12" hits="2"/>
                <line number="14" hits="2"/>
                <line number="15" hits="1"/>
                <line number="16" hits="1"/>
                <line number="17" hits="1"/>
                <line number="18" hits="1"/>
                <line number="21" hits="1"/>
                <line number="22" hits="1"/>
                <line number="23" hits="1"/>
                <line number="24" hits="1"/>
                <line number="27" hits="1"/>
              </lines>
            </method>
            <method name="signUp" signature="$postData" line-rate="0.8" branch-rate="0" complexity="4">
              <lines>
                <line number="33" hits="2"/>
                <line number="34" hits="2"/>
                <line number="36" hits="1"/>
                <line number="37" hits="1"/>
                <line number="38" hits="1"/>
                <line number="40" hits="1"/>
                <line number="41" hits="0"/>
                <line number="42" hits="0"/>
                <line number="46" hits="1"/>
                <line number="49" hits="1"/>
              </lines>
            </method>
            <method name="login" signature="$postData" line-rate="1" branch-rate="0" complexity="5">
              <lines>
                <line number="56" hits="2"/>
                <line number="57" hits="1"/>
                <line number="58" hits="1"/>
                <line number="59" hits="1"/>
                <line number="60" hits="1"/>
                <line number="61" hits="1"/>
                <line number="62" hits="1"/>
                <line number="63" hits="1"/>
                <line number="64" hits="1"/>
                <line number="65" hits="1"/>
                <line number="66" hits="1"/>
                <line number="67" hits="1"/>
                <line number="69" hits="1"/>
                <line number="70" hits="1"/>
                <line number="71" hits="1"/>
                <line number="72" hits="1"/>
                <line number="73" hits="1"/>
                <line number="80" hits="1"/>
              </lines>
            </method>
            <method name="mail" signature="$data" line-rate="0.95" branch-rate="0" complexity="2">
              <lines>
                <line number="86" hits="1"/>
                <line number="87" hits="1"/>
                <line number="89" hits="1"/>
                <line number="90" hits="1"/>
                <line number="91" hits="1"/>
                <line number="92" hits="1"/>
                <line number="93" hits="1"/>
                <line number="94" hits="1"/>
                <line number="95" hits="1"/>
                <line number="96" hits="1"/>
                <line number="97" hits="1"/>
                <line number="98" hits="1"/>
                <line number="99" hits="1"/>
                <line number="100" hits="1"/>
                <line number="101" hits="1"/>
                <line number="102" hits="1"/>
                <line number="103" hits="1"/>
                <line number="104" hits="1"/>
                <line number="105" hits="0"/>
                <line number="108" hits="1"/>
              </lines>
            </method>
            <method name="verifyMail" signature="$data" line-rate="1" branch-rate="0" complexity="2">
              <lines>
                <line number="113" hits="2"/>
                <line number="114" hits="2"/>
                <line number="115" hits="2"/>
                <line number="116" hits="2"/>
                <line number="117" hits="2"/>
                <line number="118" hits="1"/>
                <line number="120" hits="1"/>
              </lines>
            </method>
            <method name="resetPw" signature="$data" line-rate="1" branch-rate="0" complexity="3">
              <lines>
                <line number="127" hits="2"/>
                <line number="128" hits="2"/>
                <line number="129" hits="2"/>
                <line number="131" hits="1"/>
                <line number="133" hits="1"/>
                <line number="135" hits="1"/>
                <line number="136" hits="1"/>
                <line number="137" hits="1"/>
                <line number="138" hits="1"/>
                <line number="139" hits="1"/>
                <line number="141" hits="1"/>
                <line number="148" hits="1"/>
              </lines>
            </method>
            <method name="generateOTP" signature="" line-rate="1" branch-rate="0" complexity="1">
              <lines>
                <line number="155" hits="2"/>
              </lines>
            </method>
          </methods>
          <lines>
            <line number="10" hits="3"/>
            <line number="11" hits="3"/>
            <line number="12" hits="2"/>
            <line number="14" hits="2"/>
            <line number="15" hits="1"/>
            <line number="16" hits="1"/>
            <line number="17" hits="1"/>
            <line number="18" hits="1"/>
            <line number="21" hits="1"/>
            <line number="22" hits="1"/>
            <line number="23" hits="1"/>
            <line number="24" hits="1"/>
            <line number="27" hits="1"/>
            <line number="33" hits="2"/>
            <line number="34" hits="2"/>
            <line number="36" hits="1"/>
            <line number="37" hits="1"/>
            <line number="38" hits="1"/>
            <line number="40" hits="1"/>
            <line number="41" hits="0"/>
            <line number="42" hits="0"/>
            <line number="46" hits="1"/>
            <line number="49" hits="1"/>
            <line number="56" hits="2"/>
            <line number="57" hits="1"/>
            <line number="58" hits="1"/>
            <line number="59" hits="1"/>
            <line number="60" hits="1"/>
            <line number="61" hits="1"/>
            <line number="62" hits="1"/>
            <line number="63" hits="1"/>
            <line number="64" hits="1"/>
            <line number="65" hits="1"/>
            <line number="66" hits="1"/>
            <line number="67" hits="1"/>
            <line number="69" hits="1"/>
            <line number="70" hits="1"/>
            <line number="71" hits="1"/>
            <line number="72" hits="1"/>
            <line number="73" hits="1"/>
            <line number="80" hits="1"/>
            <line number="86" hits="1"/>
            <line number="87" hits="1"/>
            <line number="89" hits="1"/>
            <line number="90" hits="1"/>
            <line number="91" hits="1"/>
            <line number="92" hits="1"/>
            <line number="93" hits="1"/>
            <line number="94" hits="1"/>
            <line number="95" hits="1"/>
            <line number="96" hits="1"/>
            <line number="97" hits="1"/>
            <line number="98" hits="1"/>
            <line number="99" hits="1"/>
            <line number="100" hits="1"/>
            <line number="101" hits="1"/>
            <line number="102" hits="1"/>
            <line number="103" hits="1"/>
            <line number="104" hits="1"/>
            <line number="105" hits="0"/>
            <line number="108" hits="1"/>
            <line number="113" hits="2"/>
            <line number="114" hits="2"/>
            <line number="115" hits="2"/>
            <line number="116" hits="2"/>
            <line number="117" hits="2"/>
            <line number="118" hits="1"/>
            <line number="120" hits="1"/>
            <line number="127" hits="2"/>
            <line number="128" hits="2"/>
            <line number="129" hits="2"/>
            <line number="131" hits="1"/>
            <line number="133" hits="1"/>
            <line number="135" hits="1"/>
            <line number="136" hits="1"/>
            <line number="137" hits="1"/>
            <line number="138" hits="1"/>
            <line number="139" hits="1"/>
            <line number="141" hits="1"/>
            <line number="148" hits="1"/>
            <line number="155" hits="2"/>
          </lines>
        </class>
      </classes>
    </package>
    <package name="components/helpers/UserHelper.php" line-rate="0.83962264150943" branch-rate="0" complexity="37">
      <classes>
        <class name="UserHelper" filename="components/helpers/UserHelper.php" line-rate="0.83962264150943" branch-rate="0" complexity="37">
          <methods>
            <method name="getUserProfile" signature="" line-rate="1" branch-rate="0" complexity="1">
              <lines>
                <line number="8" hits="1"/>
                <line number="9" hits="1"/>
              </lines>
            </method>
            <method name="updateUserProfile" signature="$userId, $requestData" line-rate="0.61538461538462" branch-rate="0" complexity="5">
              <lines>
                <line number="13" hits="2"/>
                <line number="14" hits="2"/>
                <line number="16" hits="1"/>
                <line number="17" hits="1"/>
                <line number="18" hits="0"/>
                <line number="19" hits="0"/>
                <line number="20" hits="0"/>
                <line number="21" hits="0"/>
                <line number="23" hits="0"/>
                <line number="26" hits="1"/>
                <line number="28" hits="1"/>
                <line number="29" hits="1"/>
                <line number="32" hits="1"/>
              </lines>
            </method>
            <method name="deleteUserProfile" signature="$userId" line-rate="0.72727272727273" branch-rate="0" complexity="5">
              <lines>
                <line number="37" hits="2"/>
                <line number="38" hits="2"/>
                <line number="40" hits="1"/>
                <line number="41" hits="1"/>
                <line number="42" hits="0"/>
                <line number="43" hits="0"/>
                <line number="45" hits="0"/>
                <line number="48" hits="1"/>
                <line number="50" hits="1"/>
                <line number="51" hits="1"/>
                <line number="54" hits="1"/>
              </lines>
            </method>
            <method name="likeVideo" signature="$data" line-rate="1" branch-rate="0" complexity="7">
              <lines>
                <line number="59" hits="2"/>
                <line number="60" hits="2"/>
                <line number="62" hits="2"/>
                <line number="63" hits="2"/>
                <line number="64" hits="1"/>
                <line number="65" hits="1"/>
                <line number="66" hits="1"/>
                <line number="67" hits="1"/>
                <line number="68" hits="1"/>
                <line number="69" hits="1"/>
                <line number="70" hits="1"/>
                <line number="71" hits="1"/>
                <line number="72" hits="1"/>
                <line number="75" hits="1"/>
                <line number="76" hits="1"/>
                <line number="77" hits="1"/>
                <line number="78" hits="1"/>
                <line number="79" hits="1"/>
                <line number="80" hits="1"/>
                <line number="84" hits="1"/>
                <line number="86" hits="1"/>
                <line number="87" hits="1"/>
                <line number="88" hits="1"/>
                <line number="89" hits="1"/>
              </lines>
            </method>
            <method name="dislikeVideo" signature="$data" line-rate="1" branch-rate="0" complexity="8">
              <lines>
                <line number="94" hits="2"/>
                <line number="95" hits="2"/>
                <line number="97" hits="2"/>
                <line number="98" hits="2"/>
                <line number="99" hits="1"/>
                <line number="100" hits="1"/>
                <line number="101" hits="1"/>
                <line number="102" hits="1"/>
                <line number="103" hits="1"/>
                <line number="104" hits="1"/>
                <line number="105" hits="1"/>
                <line number="108" hits="1"/>
                <line number="109" hits="1"/>
                <line number="110" hits="1"/>
                <line number="111" hits="1"/>
                <line number="112" hits="1"/>
                <line number="113" hits="1"/>
                <line number="114" hits="1"/>
                <line number="118" hits="1"/>
                <line number="120" hits="1"/>
                <line number="121" hits="1"/>
                <line number="122" hits="1"/>
                <line number="123" hits="1"/>
              </lines>
            </method>
            <method name="addWatchLater" signature="$data" line-rate="1" branch-rate="0" complexity="4">
              <lines>
                <line number="128" hits="2"/>
                <line number="129" hits="2"/>
                <line number="131" hits="2"/>
                <line number="132" hits="2"/>
                <line number="133" hits="1"/>
                <line number="134" hits="1"/>
                <line number="135" hits="1"/>
                <line number="138" hits="1"/>
                <line number="140" hits="1"/>
                <line number="141" hits="1"/>
                <line number="142" hits="1"/>
                <line number="143" hits="1"/>
              </lines>
            </method>
            <method name="trackStatus" signature="$videoId" line-rate="0.55555555555556" branch-rate="0" complexity="3">
              <lines>
                <line number="148" hits="1"/>
                <line number="149" hits="1"/>
                <line number="151" hits="1"/>
                <line number="152" hits="1"/>
                <line number="153" hits="1"/>
                <line number="155" hits="0"/>
                <line number="157" hits="0"/>
                <line number="158" hits="0"/>
                <line number="159" hits="0"/>
              </lines>
            </method>
            <method name="checkVideoStatus" signature="$videoId" line-rate="0.58333333333333" branch-rate="0" complexity="4">
              <lines>
                <line number="164" hits="2"/>
                <line number="165" hits="2"/>
                <line number="167" hits="2"/>
                <line number="168" hits="2"/>
                <line number="169" hits="2"/>
                <line number="170" hits="0"/>
                <line number="171" hits="2"/>
                <line number="172" hits="0"/>
                <line number="174" hits="2"/>
                <line number="176" hits="0"/>
                <line number="177" hits="0"/>
                <line number="178" hits="0"/>
              </lines>
            </method>
          </methods>
          <lines>
            <line number="8" hits="1"/>
            <line number="9" hits="1"/>
            <line number="13" hits="2"/>
            <line number="14" hits="2"/>
            <line number="16" hits="1"/>
            <line number="17" hits="1"/>
            <line number="18" hits="0"/>
            <line number="19" hits="0"/>
            <line number="20" hits="0"/>
            <line number="21" hits="0"/>
            <line number="23" hits="0"/>
            <line number="26" hits="1"/>
            <line number="28" hits="1"/>
            <line number="29" hits="1"/>
            <line number="32" hits="1"/>
            <line number="37" hits="2"/>
            <line number="38" hits="2"/>
            <line number="40" hits="1"/>
            <line number="41" hits="1"/>
            <line number="42" hits="0"/>
            <line number="43" hits="0"/>
            <line number="45" hits="0"/>
            <line number="48" hits="1"/>
            <line number="50" hits="1"/>
            <line number="51" hits="1"/>
            <line number="54" hits="1"/>
            <line number="59" hits="2"/>
            <line number="60" hits="2"/>
            <line number="62" hits="2"/>
            <line number="63" hits="2"/>
            <line number="64" hits="1"/>
            <line number="65" hits="1"/>
            <line number="66" hits="1"/>
            <line number="67" hits="1"/>
            <line number="68" hits="1"/>
            <line number="69" hits="1"/>
            <line number="70" hits="1"/>
            <line number="71" hits="1"/>
            <line number="72" hits="1"/>
            <line number="75" hits="1"/>
            <line number="76" hits="1"/>
            <line number="77" hits="1"/>
            <line number="78" hits="1"/>
            <line number="79" hits="1"/>
            <line number="80" hits="1"/>
            <line number="84" hits="1"/>
            <line number="86" hits="1"/>
            <line number="87" hits="1"/>
            <line number="88" hits="1"/>
            <line number="89" hits="1"/>
            <line number="94" hits="2"/>
            <line number="95" hits="2"/>
            <line number="97" hits="2"/>
            <line number="98" hits="2"/>
            <line number="99" hits="1"/>
            <line number="100" hits="1"/>
            <line number="101" hits="1"/>
            <line number="102" hits="1"/>
            <line number="103" hits="1"/>
            <line number="104" hits="1"/>
            <line number="105" hits="1"/>
            <line number="108" hits="1"/>
            <line number="109" hits="1"/>
            <line number="110" hits="1"/>
            <line number="111" hits="1"/>
            <line number="112" hits="1"/>
            <line number="113" hits="1"/>
            <line number="114" hits="1"/>
            <line number="118" hits="1"/>
            <line number="120" hits="1"/>
            <line number="121" hits="1"/>
            <line number="122" hits="1"/>
            <line number="123" hits="1"/>
            <line number="128" hits="2"/>
            <line number="129" hits="2"/>
            <line number="131" hits="2"/>
            <line number="132" hits="2"/>
            <line number="133" hits="1"/>
            <line number="134" hits="1"/>
            <line number="135" hits="1"/>
            <line number="138" hits="1"/>
            <line number="140" hits="1"/>
            <line number="141" hits="1"/>
            <line number="142" hits="1"/>
            <line number="143" hits="1"/>
            <line number="148" hits="1"/>
            <line number="149" hits="1"/>
            <line number="151" hits="1"/>
            <line number="152" hits="1"/>
            <line number="153" hits="1"/>
            <line number="155" hits="0"/>
            <line number="157" hits="0"/>
            <line number="158" hits="0"/>
            <line number="159" hits="0"/>
            <line number="164" hits="2"/>
            <line number="165" hits="2"/>
            <line number="167" hits="2"/>
            <line number="168" hits="2"/>
            <line number="169" hits="2"/>
            <line number="170" hits="0"/>
            <line number="171" hits="2"/>
            <line number="172" hits="0"/>
            <line number="174" hits="2"/>
            <line number="176" hits="0"/>
            <line number="177" hits="0"/>
            <line number="178" hits="0"/>
          </lines>
        </class>
      </classes>
    </package>
    <package name="components/helpers/VideoHelper.php" line-rate="1" branch-rate="0" complexity="1">
      <classes>
        <class name="VideoHelper" filename="components/helpers/VideoHelper.php" line-rate="1" branch-rate="0" complexity="1">
          <methods>
            <method name="homeHelper" signature="" line-rate="1" branch-rate="0" complexity="1">
              <lines>
                <line number="10" hits="1"/>
                <line number="11" hits="1"/>
                <line number="12" hits="1"/>
                <line number="13" hits="1"/>
              </lines>
            </method>
          </methods>
          <lines>
            <line number="10" hits="1"/>
            <line number="11" hits="1"/>
            <line number="12" hits="1"/>
            <line number="13" hits="1"/>
          </lines>
        </class>
      </classes>
    </package>
    <package name="models/User.php" line-rate="0.41666666666667" branch-rate="0" complexity="6">
      <classes>
        <class name="User" filename="models/User.php" line-rate="0.41666666666667" branch-rate="0" complexity="6">
          <methods>
            <method name="getCollectionName" signature="" line-rate="1" branch-rate="0" complexity="1">
              <lines>
                <line number="15" hits="21"/>
              </lines>
            </method>
            <method name="rules" signature="" line-rate="1" branch-rate="0" complexity="1">
              <lines>
                <line number="20" hits="5"/>
                <line number="21" hits="5"/>
                <line number="22" hits="5"/>
              </lines>
            </method>
            <method name="beforeSave" signature="" line-rate="0" branch-rate="0" complexity="3">
              <lines>
                <line number="26" hits="0"/>
                <line number="27" hits="0"/>
                <line number="29" hits="0"/>
                <line number="30" hits="0"/>
                <line number="34" hits="0"/>
                <line number="36" hits="0"/>
                <line number="38" hits="0"/>
              </lines>
            </method>
            <method name="model" signature="$className" line-rate="1" branch-rate="0" complexity="1">
              <lines>
                <line number="43" hits="18"/>
              </lines>
            </method>
          </methods>
          <lines>
            <line number="15" hits="21"/>
            <line number="20" hits="5"/>
            <line number="21" hits="5"/>
            <line number="22" hits="5"/>
            <line number="26" hits="0"/>
            <line number="27" hits="0"/>
            <line number="29" hits="0"/>
            <line number="30" hits="0"/>
            <line number="34" hits="0"/>
            <line number="36" hits="0"/>
            <line number="38" hits="0"/>
            <line number="43" hits="18"/>
          </lines>
        </class>
      </classes>
    </package>
    <package name="models/Video.php" line-rate="0.63157894736842" branch-rate="0" complexity="12">
      <classes>
        <class name="Video" filename="models/Video.php" line-rate="0.63157894736842" branch-rate="0" complexity="12">
          <methods>
            <method name="getCollectionName" signature="" line-rate="1" branch-rate="0" complexity="1">
              <lines>
                <line number="21" hits="5"/>
              </lines>
            </method>
            <method name="rules" signature="" line-rate="1" branch-rate="0" complexity="1">
              <lines>
                <line number="26" hits="3"/>
                <line number="27" hits="3"/>
                <line number="28" hits="3"/>
                <line number="29" hits="3"/>
              </lines>
            </method>
            <method name="init" signature="" line-rate="1" branch-rate="0" complexity="6">
              <lines>
                <line number="34" hits="5"/>
                <line number="35" hits="5"/>
                <line number="36" hits="3"/>
                <line number="37" hits="3"/>
                <line number="38" hits="3"/>
                <line number="39" hits="3"/>
              </lines>
            </method>
            <method name="beforeSave" signature="" line-rate="0" branch-rate="0" complexity="3">
              <lines>
                <line number="45" hits="0"/>
                <line number="46" hits="0"/>
                <line number="48" hits="0"/>
                <line number="49" hits="0"/>
                <line number="52" hits="0"/>
                <line number="54" hits="0"/>
                <line number="56" hits="0"/>
              </lines>
            </method>
            <method name="model" signature="$className" line-rate="1" branch-rate="0" complexity="1">
              <lines>
                <line number="61" hits="3"/>
              </lines>
            </method>
          </methods>
          <lines>
            <line number="21" hits="5"/>
            <line number="26" hits="3"/>
            <line number="27" hits="3"/>
            <line number="28" hits="3"/>
            <line number="29" hits="3"/>
            <line number="34" hits="5"/>
            <line number="35" hits="5"/>
            <line number="36" hits="3"/>
            <line number="37" hits="3"/>
            <line number="38" hits="3"/>
            <line number="39" hits="3"/>
            <line number="45" hits="0"/>
            <line number="46" hits="0"/>
            <line number="48" hits="0"/>
            <line number="49" hits="0"/>
            <line number="52" hits="0"/>
            <line number="54" hits="0"/>
            <line number="56" hits="0"/>
            <line number="61" hits="3"/>
          </lines>
        </class>
      </classes>
    </package>
  </packages>
</coverage>
