<?xml version="1.0" encoding="UTF-8"?>
<!DOCTYPE coverage SYSTEM "http://cobertura.sourceforge.net/xml/coverage-04.dtd">
<coverage line-rate="0.97959183673469" branch-rate="0" lines-covered="336" lines-valid="343" branches-covered="0" branches-valid="0" complexity="99" version="0.4" timestamp="1718737036">
  <sources>
    <source>/data/live/protected</source>
  </sources>
  <packages>
    <package name="components/helpers/AuthHelper.php" line-rate="0.95180722891566" branch-rate="0" complexity="22">
      <classes>
        <class name="AuthHelper" filename="components/helpers/AuthHelper.php" line-rate="0.95180722891566" branch-rate="0" complexity="22">
          <methods>
            <method name="jwtHelper" signature="" line-rate="1" branch-rate="0" complexity="5">
              <lines>
                <line number="10" hits="3"/>
                <line number="11" hits="3"/>
                <line number="12" hits="2"/>
                <line number="14" hits="2"/>
                <line number="15" hits="1"/>
                <line number="16" hits="1"/>
                <line number="17" hits="1"/>
                <line number="18" hits="1"/>
                <line number="20" hits="1"/>
                <line number="21" hits="1"/>
                <line number="22" hits="1"/>
                <line number="23" hits="1"/>
                <line number="26" hits="1"/>
              </lines>
            </method>
            <method name="signUp" signature="$postData" line-rate="0.72727272727273" branch-rate="0" complexity="4">
              <lines>
                <line number="34" hits="2"/>
                <line number="35" hits="1"/>
                <line number="38" hits="1"/>
                <line number="39" hits="1"/>
                <line number="40" hits="1"/>
                <line number="41" hits="1"/>
                <line number="44" hits="1"/>
                <line number="46" hits="0"/>
                <line number="47" hits="0"/>
                <line number="49" hits="0"/>
                <line number="52" hits="1"/>
              </lines>
            </method>
            <method name="login" signature="$postData" line-rate="1" branch-rate="0" complexity="5">
              <lines>
                <line number="60" hits="2"/>
                <line number="61" hits="1"/>
                <line number="64" hits="1"/>
                <line number="65" hits="1"/>
                <line number="66" hits="1"/>
                <line number="67" hits="1"/>
                <line number="68" hits="1"/>
                <line number="69" hits="1"/>
                <line number="70" hits="1"/>
                <line number="71" hits="1"/>
                <line number="72" hits="1"/>
                <line number="73" hits="1"/>
                <line number="74" hits="1"/>
                <line number="76" hits="1"/>
                <line number="77" hits="1"/>
                <line number="78" hits="1"/>
                <line number="79" hits="1"/>
                <line number="80" hits="1"/>
              </lines>
            </method>
            <method name="mail" signature="$data" line-rate="0.95" branch-rate="0" complexity="2">
              <lines>
                <line number="93" hits="1"/>
                <line number="94" hits="1"/>
                <line number="96" hits="1"/>
                <line number="97" hits="1"/>
                <line number="98" hits="1"/>
                <line number="99" hits="1"/>
                <line number="100" hits="1"/>
                <line number="101" hits="1"/>
                <line number="102" hits="1"/>
                <line number="103" hits="1"/>
                <line number="104" hits="1"/>
                <line number="105" hits="1"/>
                <line number="106" hits="1"/>
                <line number="107" hits="1"/>
                <line number="108" hits="1"/>
                <line number="109" hits="1"/>
                <line number="110" hits="1"/>
                <line number="111" hits="1"/>
                <line number="112" hits="0"/>
                <line number="115" hits="1"/>
              </lines>
            </method>
            <method name="verifyMail" signature="$data" line-rate="1" branch-rate="0" complexity="2">
              <lines>
                <line number="120" hits="2"/>
                <line number="121" hits="2"/>
                <line number="122" hits="2"/>
                <line number="123" hits="2"/>
                <line number="124" hits="2"/>
                <line number="125" hits="1"/>
                <line number="127" hits="1"/>
              </lines>
            </method>
            <method name="resetPw" signature="$data" line-rate="1" branch-rate="0" complexity="3">
              <lines>
                <line number="134" hits="2"/>
                <line number="135" hits="2"/>
                <line number="136" hits="2"/>
                <line number="138" hits="1"/>
                <line number="140" hits="1"/>
                <line number="142" hits="1"/>
                <line number="143" hits="1"/>
                <line number="144" hits="1"/>
                <line number="145" hits="1"/>
                <line number="146" hits="1"/>
                <line number="147" hits="1"/>
                <line number="149" hits="1"/>
                <line number="154" hits="1"/>
              </lines>
            </method>
            <method name="generateOTP" signature="" line-rate="1" branch-rate="0" complexity="1">
              <lines>
                <line number="161" hits="1"/>
              </lines>
            </method>
          </methods>
          <lines>
            <line number="10" hits="3"/>
            <line number="11" hits="3"/>
            <line number="12" hits="2"/>
            <line number="14" hits="2"/>
            <line number="15" hits="1"/>
            <line number="16" hits="1"/>
            <line number="17" hits="1"/>
            <line number="18" hits="1"/>
            <line number="20" hits="1"/>
            <line number="21" hits="1"/>
            <line number="22" hits="1"/>
            <line number="23" hits="1"/>
            <line number="26" hits="1"/>
            <line number="34" hits="2"/>
            <line number="35" hits="1"/>
            <line number="38" hits="1"/>
            <line number="39" hits="1"/>
            <line number="40" hits="1"/>
            <line number="41" hits="1"/>
            <line number="44" hits="1"/>
            <line number="46" hits="0"/>
            <line number="47" hits="0"/>
            <line number="49" hits="0"/>
            <line number="52" hits="1"/>
            <line number="60" hits="2"/>
            <line number="61" hits="1"/>
            <line number="64" hits="1"/>
            <line number="65" hits="1"/>
            <line number="66" hits="1"/>
            <line number="67" hits="1"/>
            <line number="68" hits="1"/>
            <line number="69" hits="1"/>
            <line number="70" hits="1"/>
            <line number="71" hits="1"/>
            <line number="72" hits="1"/>
            <line number="73" hits="1"/>
            <line number="74" hits="1"/>
            <line number="76" hits="1"/>
            <line number="77" hits="1"/>
            <line number="78" hits="1"/>
            <line number="79" hits="1"/>
            <line number="80" hits="1"/>
            <line number="93" hits="1"/>
            <line number="94" hits="1"/>
            <line number="96" hits="1"/>
            <line number="97" hits="1"/>
            <line number="98" hits="1"/>
            <line number="99" hits="1"/>
            <line number="100" hits="1"/>
            <line number="101" hits="1"/>
            <line number="102" hits="1"/>
            <line number="103" hits="1"/>
            <line number="104" hits="1"/>
            <line number="105" hits="1"/>
            <line number="106" hits="1"/>
            <line number="107" hits="1"/>
            <line number="108" hits="1"/>
            <line number="109" hits="1"/>
            <line number="110" hits="1"/>
            <line number="111" hits="1"/>
            <line number="112" hits="0"/>
            <line number="115" hits="1"/>
            <line number="120" hits="2"/>
            <line number="121" hits="2"/>
            <line number="122" hits="2"/>
            <line number="123" hits="2"/>
            <line number="124" hits="2"/>
            <line number="125" hits="1"/>
            <line number="127" hits="1"/>
            <line number="134" hits="2"/>
            <line number="135" hits="2"/>
            <line number="136" hits="2"/>
            <line number="138" hits="1"/>
            <line number="140" hits="1"/>
            <line number="142" hits="1"/>
            <line number="143" hits="1"/>
            <line number="144" hits="1"/>
            <line number="145" hits="1"/>
            <line number="146" hits="1"/>
            <line number="147" hits="1"/>
            <line number="149" hits="1"/>
            <line number="154" hits="1"/>
            <line number="161" hits="1"/>
          </lines>
        </class>
      </classes>
    </package>
    <package name="components/helpers/S3Helper.php" line-rate="1" branch-rate="0" complexity="8">
      <classes>
        <class name="S3Helper" filename="components/helpers/S3Helper.php" line-rate="1" branch-rate="0" complexity="8">
          <methods>
            <method name="__construct" signature="Aws\S3\S3Client $s3Client" line-rate="1" branch-rate="0" complexity="1">
              <lines>
                <line number="12" hits="7"/>
              </lines>
            </method>
            <method name="readFileContent" signature="$fileTmpName" line-rate="1" branch-rate="0" complexity="1">
              <lines>
                <line number="16" hits="1"/>
              </lines>
            </method>
            <method name="uploadFileToS3" signature="$bucketName, $fileName, $fileTmpName, $contentType" line-rate="1" branch-rate="0" complexity="2">
              <lines>
                <line number="21" hits="2"/>
                <line number="22" hits="2"/>
                <line number="23" hits="2"/>
                <line number="24" hits="2"/>
                <line number="25" hits="2"/>
                <line number="26" hits="2"/>
                <line number="27" hits="2"/>
                <line number="30" hits="2"/>
                <line number="31" hits="1"/>
                <line number="32" hits="1"/>
                <line number="33" hits="1"/>
                <line number="34" hits="1"/>
              </lines>
            </method>
            <method name="deleteS3Object" signature="$bucketName, $objectKey" line-rate="1" branch-rate="0" complexity="2">
              <lines>
                <line number="41" hits="2"/>
                <line number="42" hits="2"/>
                <line number="43" hits="2"/>
                <line number="44" hits="2"/>
                <line number="46" hits="1"/>
                <line number="47" hits="1"/>
                <line number="48" hits="1"/>
                <line number="49" hits="1"/>
                <line number="50" hits="1"/>
              </lines>
            </method>
            <method name="getS3Object" signature="$bucketName, $objectKey" line-rate="1" branch-rate="0" complexity="2">
              <lines>
                <line number="57" hits="2"/>
                <line number="58" hits="2"/>
                <line number="59" hits="2"/>
                <line number="60" hits="2"/>
                <line number="61" hits="1"/>
                <line number="62" hits="1"/>
                <line number="63" hits="1"/>
                <line number="64" hits="1"/>
              </lines>
            </method>
          </methods>
          <lines>
            <line number="12" hits="7"/>
            <line number="16" hits="1"/>
            <line number="21" hits="2"/>
            <line number="22" hits="2"/>
            <line number="23" hits="2"/>
            <line number="24" hits="2"/>
            <line number="25" hits="2"/>
            <line number="26" hits="2"/>
            <line number="27" hits="2"/>
            <line number="30" hits="2"/>
            <line number="31" hits="1"/>
            <line number="32" hits="1"/>
            <line number="33" hits="1"/>
            <line number="34" hits="1"/>
            <line number="41" hits="2"/>
            <line number="42" hits="2"/>
            <line number="43" hits="2"/>
            <line number="44" hits="2"/>
            <line number="46" hits="1"/>
            <line number="47" hits="1"/>
            <line number="48" hits="1"/>
            <line number="49" hits="1"/>
            <line number="50" hits="1"/>
            <line number="57" hits="2"/>
            <line number="58" hits="2"/>
            <line number="59" hits="2"/>
            <line number="60" hits="2"/>
            <line number="61" hits="1"/>
            <line number="62" hits="1"/>
            <line number="63" hits="1"/>
            <line number="64" hits="1"/>
          </lines>
        </class>
      </classes>
    </package>
    <package name="components/helpers/UserHelper.php" line-rate="0.98850574712644" branch-rate="0" complexity="30">
      <classes>
        <class name="UserHelper" filename="components/helpers/UserHelper.php" line-rate="0.98850574712644" branch-rate="0" complexity="30">
          <methods>
            <method name="getUserProfile" signature="" line-rate="1" branch-rate="0" complexity="1">
              <lines>
                <line number="8" hits="1"/>
                <line number="9" hits="1"/>
              </lines>
            </method>
            <method name="updateUserProfile" signature="$userId, $requestData" line-rate="0.90909090909091" branch-rate="0" complexity="4">
              <lines>
                <line number="13" hits="3"/>
                <line number="14" hits="3"/>
                <line number="16" hits="2"/>
                <line number="17" hits="2"/>
                <line number="18" hits="1"/>
                <line number="19" hits="1"/>
                <line number="20" hits="1"/>
                <line number="21" hits="0"/>
                <line number="24" hits="1"/>
                <line number="28" hits="1"/>
                <line number="33" hits="1"/>
              </lines>
            </method>
            <method name="deleteUserProfile" signature="$userId" line-rate="1" branch-rate="0" complexity="4">
              <lines>
                <line number="38" hits="4"/>
                <line number="39" hits="4"/>
                <line number="40" hits="3"/>
                <line number="41" hits="3"/>
                <line number="42" hits="2"/>
                <line number="43" hits="1"/>
                <line number="45" hits="1"/>
                <line number="48" hits="1"/>
                <line number="52" hits="1"/>
              </lines>
            </method>
            <method name="likeVideo" signature="$data" line-rate="1" branch-rate="0" complexity="6">
              <lines>
                <line number="57" hits="2"/>
                <line number="58" hits="2"/>
                <line number="60" hits="2"/>
                <line number="61" hits="2"/>
                <line number="62" hits="1"/>
                <line number="63" hits="1"/>
                <line number="64" hits="1"/>
                <line number="65" hits="1"/>
                <line number="66" hits="1"/>
                <line number="67" hits="1"/>
                <line number="68" hits="1"/>
                <line number="69" hits="1"/>
                <line number="70" hits="1"/>
                <line number="73" hits="1"/>
                <line number="74" hits="1"/>
                <line number="75" hits="1"/>
                <line number="76" hits="1"/>
                <line number="77" hits="1"/>
                <line number="78" hits="1"/>
                <line number="81" hits="1"/>
                <line number="84" hits="1"/>
              </lines>
            </method>
            <method name="dislikeVideo" signature="$data" line-rate="1" branch-rate="0" complexity="7">
              <lines>
                <line number="90" hits="2"/>
                <line number="91" hits="2"/>
                <line number="93" hits="2"/>
                <line number="95" hits="2"/>
                <line number="97" hits="1"/>
                <line number="98" hits="1"/>
                <line number="99" hits="1"/>
                <line number="101" hits="1"/>
                <line number="103" hits="1"/>
                <line number="105" hits="1"/>
                <line number="106" hits="1"/>
                <line number="109" hits="1"/>
                <line number="110" hits="1"/>
                <line number="111" hits="1"/>
                <line number="112" hits="1"/>
                <line number="113" hits="1"/>
                <line number="114" hits="1"/>
                <line number="115" hits="1"/>
                <line number="119" hits="1"/>
                <line number="123" hits="1"/>
              </lines>
            </method>
            <method name="addWatchLater" signature="$data" line-rate="1" branch-rate="0" complexity="3">
              <lines>
                <line number="129" hits="2"/>
                <line number="130" hits="2"/>
                <line number="131" hits="2"/>
                <line number="132" hits="2"/>
                <line number="133" hits="1"/>
                <line number="134" hits="1"/>
                <line number="135" hits="1"/>
                <line number="136" hits="1"/>
                <line number="140" hits="1"/>
              </lines>
            </method>
            <method name="trackStatus" signature="$videoId" line-rate="1" branch-rate="0" complexity="2">
              <lines>
                <line number="146" hits="2"/>
                <line number="147" hits="2"/>
                <line number="150" hits="2"/>
                <line number="151" hits="2"/>
                <line number="152" hits="1"/>
                <line number="155" hits="1"/>
              </lines>
            </method>
            <method name="checkVideoStatus" signature="$videoId" line-rate="1" branch-rate="0" complexity="3">
              <lines>
                <line number="162" hits="3"/>
                <line number="163" hits="3"/>
                <line number="165" hits="3"/>
                <line number="166" hits="3"/>
                <line number="168" hits="3"/>
                <line number="169" hits="1"/>
                <line number="170" hits="2"/>
                <line number="171" hits="1"/>
                <line number="173" hits="1"/>
              </lines>
            </method>
          </methods>
          <lines>
            <line number="8" hits="1"/>
            <line number="9" hits="1"/>
            <line number="13" hits="3"/>
            <line number="14" hits="3"/>
            <line number="16" hits="2"/>
            <line number="17" hits="2"/>
            <line number="18" hits="1"/>
            <line number="19" hits="1"/>
            <line number="20" hits="1"/>
            <line number="21" hits="0"/>
            <line number="24" hits="1"/>
            <line number="28" hits="1"/>
            <line number="33" hits="1"/>
            <line number="38" hits="4"/>
            <line number="39" hits="4"/>
            <line number="40" hits="3"/>
            <line number="41" hits="3"/>
            <line number="42" hits="2"/>
            <line number="43" hits="1"/>
            <line number="45" hits="1"/>
            <line number="48" hits="1"/>
            <line number="52" hits="1"/>
            <line number="57" hits="2"/>
            <line number="58" hits="2"/>
            <line number="60" hits="2"/>
            <line number="61" hits="2"/>
            <line number="62" hits="1"/>
            <line number="63" hits="1"/>
            <line number="64" hits="1"/>
            <line number="65" hits="1"/>
            <line number="66" hits="1"/>
            <line number="67" hits="1"/>
            <line number="68" hits="1"/>
            <line number="69" hits="1"/>
            <line number="70" hits="1"/>
            <line number="73" hits="1"/>
            <line number="74" hits="1"/>
            <line number="75" hits="1"/>
            <line number="76" hits="1"/>
            <line number="77" hits="1"/>
            <line number="78" hits="1"/>
            <line number="81" hits="1"/>
            <line number="84" hits="1"/>
            <line number="90" hits="2"/>
            <line number="91" hits="2"/>
            <line number="93" hits="2"/>
            <line number="95" hits="2"/>
            <line number="97" hits="1"/>
            <line number="98" hits="1"/>
            <line number="99" hits="1"/>
            <line number="101" hits="1"/>
            <line number="103" hits="1"/>
            <line number="105" hits="1"/>
            <line number="106" hits="1"/>
            <line number="109" hits="1"/>
            <line number="110" hits="1"/>
            <line number="111" hits="1"/>
            <line number="112" hits="1"/>
            <line number="113" hits="1"/>
            <line number="114" hits="1"/>
            <line number="115" hits="1"/>
            <line number="119" hits="1"/>
            <line number="123" hits="1"/>
            <line number="129" hits="2"/>
            <line number="130" hits="2"/>
            <line number="131" hits="2"/>
            <line number="132" hits="2"/>
            <line number="133" hits="1"/>
            <line number="134" hits="1"/>
            <line number="135" hits="1"/>
            <line number="136" hits="1"/>
            <line number="140" hits="1"/>
            <line number="146" hits="2"/>
            <line number="147" hits="2"/>
            <line number="150" hits="2"/>
            <line number="151" hits="2"/>
            <line number="152" hits="1"/>
            <line number="155" hits="1"/>
            <line number="162" hits="3"/>
            <line number="163" hits="3"/>
            <line number="165" hits="3"/>
            <line number="166" hits="3"/>
            <line number="168" hits="3"/>
            <line number="169" hits="1"/>
            <line number="170" hits="2"/>
            <line number="171" hits="1"/>
            <line number="173" hits="1"/>
          </lines>
        </class>
      </classes>
    </package>
    <package name="components/helpers/VideoHelper.php" line-rate="1" branch-rate="0" complexity="20">
      <classes>
        <class name="VideoHelper" filename="components/helpers/VideoHelper.php" line-rate="1" branch-rate="0" complexity="20">
          <methods>
            <method name="addVideo" signature="$userId, $imageObjectKey, $videoObjectKey, $vttObjectKey" line-rate="1" branch-rate="0" complexity="1">
              <lines>
                <line number="9" hits="1"/>
                <line number="10" hits="1"/>
                <line number="11" hits="1"/>
                <line number="12" hits="1"/>
                <line number="13" hits="1"/>
                <line number="14" hits="1"/>
                <line number="15" hits="1"/>
                <line number="16" hits="1"/>
                <line number="17" hits="1"/>
                <line number="18" hits="1"/>
              </lines>
            </method>
            <method name="getHomeVideos" signature="" line-rate="1" branch-rate="0" complexity="1">
              <lines>
                <line number="23" hits="2"/>
                <line number="24" hits="2"/>
                <line number="25" hits="2"/>
                <line number="26" hits="2"/>
              </lines>
            </method>
            <method name="getMyVideos" signature="$userId" line-rate="1" branch-rate="0" complexity="1">
              <lines>
                <line number="31" hits="2"/>
                <line number="32" hits="2"/>
                <line number="33" hits="2"/>
                <line number="34" hits="2"/>
              </lines>
            </method>
            <method name="getLikedVideos" signature="$userId" line-rate="1" branch-rate="0" complexity="1">
              <lines>
                <line number="39" hits="2"/>
                <line number="40" hits="2"/>
                <line number="41" hits="2"/>
                <line number="42" hits="2"/>
                <line number="44" hits="2"/>
              </lines>
            </method>
            <method name="getWatchLaterVideos" signature="$userId" line-rate="1" branch-rate="0" complexity="1">
              <lines>
                <line number="48" hits="2"/>
                <line number="49" hits="2"/>
                <line number="50" hits="2"/>
                <line number="51" hits="2"/>
                <line number="52" hits="2"/>
              </lines>
            </method>
            <method name="deleteVideo" signature="$video" line-rate="1" branch-rate="0" complexity="6">
              <lines>
                <line number="57" hits="1"/>
                <line number="59" hits="1"/>
                <line number="60" hits="1"/>
                <line number="61" hits="1"/>
                <line number="62" hits="1"/>
                <line number="63" hits="1"/>
                <line number="64" hits="1"/>
                <line number="66" hits="1"/>
                <line number="68" hits="1"/>
                <line number="69" hits="1"/>
                <line number="71" hits="1"/>
                <line number="72" hits="1"/>
                <line number="73" hits="1"/>
                <line number="76" hits="1"/>
                <line number="77" hits="1"/>
                <line number="78" hits="1"/>
                <line number="81" hits="1"/>
                <line number="82" hits="1"/>
                <line number="83" hits="1"/>
                <line number="86" hits="1"/>
                <line number="87" hits="1"/>
                <line number="91" hits="1"/>
              </lines>
            </method>
            <method name="addView" signature="$videoId" line-rate="1" branch-rate="0" complexity="2">
              <lines>
                <line number="97" hits="2"/>
                <line number="98" hits="2"/>
                <line number="99" hits="1"/>
                <line number="101" hits="1"/>
                <line number="102" hits="1"/>
                <line number="103" hits="1"/>
              </lines>
            </method>
            <method name="addPlay" signature="$videoId" line-rate="1" branch-rate="0" complexity="2">
              <lines>
                <line number="108" hits="2"/>
                <line number="109" hits="2"/>
                <line number="110" hits="1"/>
                <line number="112" hits="1"/>
                <line number="113" hits="1"/>
                <line number="114" hits="1"/>
              </lines>
            </method>
            <method name="trendingVideos" signature="" line-rate="1" branch-rate="0" complexity="1">
              <lines>
                <line number="119" hits="2"/>
                <line number="120" hits="2"/>
                <line number="121" hits="2"/>
                <line number="122" hits="2"/>
              </lines>
            </method>
            <method name="getVideoByTag" signature="$tag" line-rate="1" branch-rate="0" complexity="1">
              <lines>
                <line number="127" hits="2"/>
                <line number="128" hits="2"/>
                <line number="129" hits="2"/>
                <line number="130" hits="2"/>
              </lines>
            </method>
            <method name="search" signature="$query" line-rate="1" branch-rate="0" complexity="1">
              <lines>
                <line number="135" hits="2"/>
                <line number="136" hits="2"/>
                <line number="137" hits="2"/>
                <line number="138" hits="2"/>
                <line number="139" hits="2"/>
                <line number="140" hits="2"/>
                <line number="141" hits="2"/>
                <line number="142" hits="2"/>
                <line number="143" hits="2"/>
                <line number="144" hits="2"/>
                <line number="145" hits="2"/>
                <line number="146" hits="2"/>
                <line number="147" hits="2"/>
                <line number="149" hits="2"/>
                <line number="150" hits="2"/>
                <line number="151" hits="2"/>
                <line number="153" hits="2"/>
                <line number="154" hits="2"/>
              </lines>
            </method>
            <method name="getAnalytics" signature="$userId" line-rate="1" branch-rate="0" complexity="2">
              <lines>
                <line number="159" hits="2"/>
                <line number="161" hits="2"/>
                <line number="162" hits="2"/>
                <line number="163" hits="2"/>
                <line number="165" hits="2"/>
                <line number="167" hits="2"/>
                <line number="168" hits="2"/>
                <line number="169" hits="2"/>
                <line number="170" hits="2"/>
                <line number="171" hits="2"/>
                <line number="172" hits="2"/>
                <line number="173" hits="2"/>
                <line number="174" hits="2"/>
                <line number="175" hits="2"/>
                <line number="176" hits="2"/>
                <line number="178" hits="2"/>
                <line number="179" hits="2"/>
                <line number="180" hits="2"/>
                <line number="181" hits="2"/>
                <line number="182" hits="2"/>
                <line number="183" hits="2"/>
                <line number="185" hits="2"/>
              </lines>
            </method>
          </methods>
          <lines>
            <line number="9" hits="1"/>
            <line number="10" hits="1"/>
            <line number="11" hits="1"/>
            <line number="12" hits="1"/>
            <line number="13" hits="1"/>
            <line number="14" hits="1"/>
            <line number="15" hits="1"/>
            <line number="16" hits="1"/>
            <line number="17" hits="1"/>
            <line number="18" hits="1"/>
            <line number="23" hits="2"/>
            <line number="24" hits="2"/>
            <line number="25" hits="2"/>
            <line number="26" hits="2"/>
            <line number="31" hits="2"/>
            <line number="32" hits="2"/>
            <line number="33" hits="2"/>
            <line number="34" hits="2"/>
            <line number="39" hits="2"/>
            <line number="40" hits="2"/>
            <line number="41" hits="2"/>
            <line number="42" hits="2"/>
            <line number="44" hits="2"/>
            <line number="48" hits="2"/>
            <line number="49" hits="2"/>
            <line number="50" hits="2"/>
            <line number="51" hits="2"/>
            <line number="52" hits="2"/>
            <line number="57" hits="1"/>
            <line number="59" hits="1"/>
            <line number="60" hits="1"/>
            <line number="61" hits="1"/>
            <line number="62" hits="1"/>
            <line number="63" hits="1"/>
            <line number="64" hits="1"/>
            <line number="66" hits="1"/>
            <line number="68" hits="1"/>
            <line number="69" hits="1"/>
            <line number="71" hits="1"/>
            <line number="72" hits="1"/>
            <line number="73" hits="1"/>
            <line number="76" hits="1"/>
            <line number="77" hits="1"/>
            <line number="78" hits="1"/>
            <line number="81" hits="1"/>
            <line number="82" hits="1"/>
            <line number="83" hits="1"/>
            <line number="86" hits="1"/>
            <line number="87" hits="1"/>
            <line number="91" hits="1"/>
            <line number="97" hits="2"/>
            <line number="98" hits="2"/>
            <line number="99" hits="1"/>
            <line number="101" hits="1"/>
            <line number="102" hits="1"/>
            <line number="103" hits="1"/>
            <line number="108" hits="2"/>
            <line number="109" hits="2"/>
            <line number="110" hits="1"/>
            <line number="112" hits="1"/>
            <line number="113" hits="1"/>
            <line number="114" hits="1"/>
            <line number="119" hits="2"/>
            <line number="120" hits="2"/>
            <line number="121" hits="2"/>
            <line number="122" hits="2"/>
            <line number="127" hits="2"/>
            <line number="128" hits="2"/>
            <line number="129" hits="2"/>
            <line number="130" hits="2"/>
            <line number="135" hits="2"/>
            <line number="136" hits="2"/>
            <line number="137" hits="2"/>
            <line number="138" hits="2"/>
            <line number="139" hits="2"/>
            <line number="140" hits="2"/>
            <line number="141" hits="2"/>
            <line number="142" hits="2"/>
            <line number="143" hits="2"/>
            <line number="144" hits="2"/>
            <line number="145" hits="2"/>
            <line number="146" hits="2"/>
            <line number="147" hits="2"/>
            <line number="149" hits="2"/>
            <line number="150" hits="2"/>
            <line number="151" hits="2"/>
            <line number="153" hits="2"/>
            <line number="154" hits="2"/>
            <line number="159" hits="2"/>
            <line number="161" hits="2"/>
            <line number="162" hits="2"/>
            <line number="163" hits="2"/>
            <line number="165" hits="2"/>
            <line number="167" hits="2"/>
            <line number="168" hits="2"/>
            <line number="169" hits="2"/>
            <line number="170" hits="2"/>
            <line number="171" hits="2"/>
            <line number="172" hits="2"/>
            <line number="173" hits="2"/>
            <line number="174" hits="2"/>
            <line number="175" hits="2"/>
            <line number="176" hits="2"/>
            <line number="178" hits="2"/>
            <line number="179" hits="2"/>
            <line number="180" hits="2"/>
            <line number="181" hits="2"/>
            <line number="182" hits="2"/>
            <line number="183" hits="2"/>
            <line number="185" hits="2"/>
          </lines>
        </class>
      </classes>
    </package>
    <package name="models/User.php" line-rate="0.92307692307692" branch-rate="0" complexity="7">
      <classes>
        <class name="User" filename="models/User.php" line-rate="0.92307692307692" branch-rate="0" complexity="7">
          <methods>
            <method name="getCollectionName" signature="" line-rate="1" branch-rate="0" complexity="1">
              <lines>
                <line number="16" hits="35"/>
              </lines>
            </method>
            <method name="rules" signature="" line-rate="1" branch-rate="0" complexity="1">
              <lines>
                <line number="21" hits="8"/>
                <line number="22" hits="8"/>
                <line number="23" hits="8"/>
              </lines>
            </method>
            <method name="updateTimestamps" signature="" line-rate="1" branch-rate="0" complexity="2">
              <lines>
                <line number="28" hits="2"/>
                <line number="30" hits="2"/>
                <line number="31" hits="1"/>
                <line number="34" hits="2"/>
              </lines>
            </method>
            <method name="beforeSave" signature="" line-rate="0.75" branch-rate="0" complexity="2">
              <lines>
                <line number="39" hits="2"/>
                <line number="40" hits="2"/>
                <line number="41" hits="2"/>
                <line number="43" hits="0"/>
              </lines>
            </method>
            <method name="model" signature="$className" line-rate="1" branch-rate="0" complexity="1">
              <lines>
                <line number="48" hits="31"/>
              </lines>
            </method>
          </methods>
          <lines>
            <line number="16" hits="35"/>
            <line number="21" hits="8"/>
            <line number="22" hits="8"/>
            <line number="23" hits="8"/>
            <line number="28" hits="2"/>
            <line number="30" hits="2"/>
            <line number="31" hits="1"/>
            <line number="34" hits="2"/>
            <line number="39" hits="2"/>
            <line number="40" hits="2"/>
            <line number="41" hits="2"/>
            <line number="43" hits="0"/>
            <line number="48" hits="31"/>
          </lines>
        </class>
      </classes>
    </package>
    <package name="models/Video.php" line-rate="0.94736842105263" branch-rate="0" complexity="12">
      <classes>
        <class name="Video" filename="models/Video.php" line-rate="0.94736842105263" branch-rate="0" complexity="12">
          <methods>
            <method name="getCollectionName" signature="" line-rate="1" branch-rate="0" complexity="1">
              <lines>
                <line number="21" hits="29"/>
              </lines>
            </method>
            <method name="rules" signature="" line-rate="1" branch-rate="0" complexity="1">
              <lines>
                <line number="26" hits="7"/>
                <line number="27" hits="7"/>
                <line number="28" hits="7"/>
                <line number="29" hits="7"/>
              </lines>
            </method>
            <method name="init" signature="" line-rate="1" branch-rate="0" complexity="6">
              <lines>
                <line number="34" hits="22"/>
                <line number="35" hits="22"/>
                <line number="36" hits="6"/>
                <line number="37" hits="6"/>
                <line number="38" hits="6"/>
                <line number="39" hits="6"/>
              </lines>
            </method>
            <method name="beforeSave" signature="" line-rate="0.85714285714286" branch-rate="0" complexity="3">
              <lines>
                <line number="45" hits="2"/>
                <line number="46" hits="2"/>
                <line number="48" hits="2"/>
                <line number="49" hits="2"/>
                <line number="52" hits="2"/>
                <line number="54" hits="2"/>
                <line number="56" hits="0"/>
              </lines>
            </method>
            <method name="model" signature="$className" line-rate="1" branch-rate="0" complexity="1">
              <lines>
                <line number="61" hits="26"/>
              </lines>
            </method>
          </methods>
          <lines>
            <line number="21" hits="29"/>
            <line number="26" hits="7"/>
            <line number="27" hits="7"/>
            <line number="28" hits="7"/>
            <line number="29" hits="7"/>
            <line number="34" hits="22"/>
            <line number="35" hits="22"/>
            <line number="36" hits="6"/>
            <line number="37" hits="6"/>
            <line number="38" hits="6"/>
            <line number="39" hits="6"/>
            <line number="45" hits="2"/>
            <line number="46" hits="2"/>
            <line number="48" hits="2"/>
            <line number="49" hits="2"/>
            <line number="52" hits="2"/>
            <line number="54" hits="2"/>
            <line number="56" hits="0"/>
            <line number="61" hits="26"/>
          </lines>
        </class>
      </classes>
    </package>
  </packages>
</coverage>
